<?xml version="1.0" encoding="UTF-8"?>
<!-- Generated by org.testng.reporters.JUnitXMLReporter -->
<testsuite ignored="0" hostname="DESKTOP-2KPVANE" failures="0" tests="6" name="Default test" time="13.505" errors="0" timestamp="2023-05-29T20:57:08 PDT">
  <testcase classname="tek.api.sqa.tests.GetAllAccountTest" name="getAllAccountTest" time="8.717"/>
  <testcase classname="tek.api.sqa.tests.TokenVerifyTest" name="verifyValidToken" time="1.04"/>
  <testcase classname="tek.api.sqa.tests.SecurityTest" name="testGenerateTokenValidUsername" time="0.595"/>
  <testcase classname="tek.api.sqa.tests.SecurityTest" name="testGenerateTokenWihtInValidUsername" time="0.436"/>
  <testcase classname="tek.api.sqa.tests.SecurityTest" name="testGenerateTokenWihtInValidUsername" time="0.67"/>
  <testcase classname="tek.api.sqa.tests.GetAccoutTest" name="getAccountWithExsitingId" time="1.258"/>
</testsuite> <!-- Default test -->
