<?xml version="1.0" encoding="UTF-8"?>
<!-- Generated by org.testng.reporters.JUnitXMLReporter -->
<testsuite ignored="0" hostname="DESKTOP-2KPVANE" failures="0" tests="7" name="Tek Insurance API Tests" time="18.7" errors="0" timestamp="2023-05-30T18:27:16 PDT">
  <testcase classname="tek.api.sqa.tests.CreateAccountTest" name="createAccountValidTest" time="5.245"/>
  <testcase classname="tek.api.sqa.tests.GetAccoutTest" name="getAccountWithExsitingId" time="1.547"/>
  <testcase classname="tek.api.sqa.tests.GetAllAccountTest" name="getAllAccountTest" time="6.874"/>
  <testcase classname="tek.api.sqa.tests.SecurityTest" name="testGenerateTokenValidUsername" time="0.662"/>
  <testcase classname="tek.api.sqa.tests.SecurityTest" name="testGenerateTokenWihtInValidUsername" time="0.533"/>
  <testcase classname="tek.api.sqa.tests.SecurityTest" name="testGenerateTokenWihtInValidUsername" time="0.769"/>
  <testcase classname="tek.api.sqa.tests.TokenVerifyTest" name="verifyValidToken" time="1.359"/>
</testsuite> <!-- Tek Insurance API Tests -->
