<?xml version="1.0" encoding="UTF-8"?>
<!-- Generated by org.testng.reporters.JUnitXMLReporter -->
<testsuite ignored="0" hostname="DESKTOP-2KPVANE" failures="0" tests="4" name="Tek Insurance API Tests" time="7.729" errors="0" timestamp="2023-05-30T18:28:38 PDT">
  <testcase classname="tek.api.sqa.tests.SecurityTest" name="testGenerateTokenValidUsername" time="4.102"/>
  <testcase classname="tek.api.sqa.tests.SecurityTest" name="testGenerateTokenWihtInValidUsername" time="0.567"/>
  <testcase classname="tek.api.sqa.tests.SecurityTest" name="testGenerateTokenWihtInValidUsername" time="0.678"/>
  <testcase classname="tek.api.sqa.tests.TokenVerifyTest" name="verifyValidToken" time="1.211"/>
</testsuite> <!-- Tek Insurance API Tests -->
